<?xml version="1.0" encoding="UTF-8"?>
<!-- Generated by org.testng.reporters.JUnitReportReporter -->
<testsuite hostname="Shubham" failures="0" tests="4" name="iOrbitTest.TestClass" time="177.658" errors="0" timestamp="2025-02-20T23:59:23 IST" skipped="0">
  <testcase classname="iOrbitTest.TestClass" name="checkSolutionandGetBack" time="65.457"/>
  <testcase classname="iOrbitTest.TestClass" name="checkServicesandGetBack" time="30.541"/>
  <testcase classname="iOrbitTest.TestClass" name="checkProductsandGetBack" time="46.590"/>
  <testcase classname="iOrbitTest.TestClass" name="checkClinicalsandGetBack" time="35.070"/>
</testsuite> <!-- iOrbitTest.TestClass -->
