<?xml version="1.0" encoding="UTF-8"?>
<!-- Generated by org.testng.reporters.JUnitReportReporter -->
<testsuite hostname="Shubham" failures="0" tests="3" name="iTouchCloudPlatformWebTesting.testngAnnotations" time="0.023" errors="0" timestamp="2025-03-17T12:08:12 IST" skipped="0">
  <testcase classname="iTouchCloudPlatformWebTesting.testngAnnotations" name="test2" time="0.006"/>
  <testcase classname="iTouchCloudPlatformWebTesting.testngAnnotations" name="test1" time="0.009"/>
  <testcase classname="iTouchCloudPlatformWebTesting.testngAnnotations" name="test3" time="0.008"/>
</testsuite> <!-- iTouchCloudPlatformWebTesting.testngAnnotations -->
