<?xml version="1.0" encoding="UTF-8"?>
<!-- Generated by org.testng.reporters.JUnitReportReporter -->
<testsuite hostname="Shubham" failures="0" tests="2" name="Test.TestClass" time="0.016" errors="0" timestamp="2025-02-24T15:27:20 IST" skipped="0">
  <testcase classname="Test.TestClass" name="checkAddtion" time="0.011"/>
  <testcase classname="Test.TestClass" name="checkMultiplication" time="0.005"/>
</testsuite> <!-- Test.TestClass -->
