<?xml version="1.0" encoding="UTF-8"?>
<!-- Generated by org.testng.reporters.JUnitReportReporter -->
<testsuite hostname="Shubham" failures="0" tests="1" name="Test.APITest" time="16.077" errors="0" timestamp="2025-03-06T18:12:38 IST" skipped="0">
  <testcase classname="Test.APITest" name="getpetsusingapi" time="16.077"/>
</testsuite> <!-- Test.APITest -->
