<?xml version="1.0" encoding="UTF-8"?>
<!-- Generated by org.testng.reporters.JUnitReportReporter -->
<testsuite hostname="Shubham" failures="0" tests="1" name="Test.GenerationOfOTP" time="66.932" errors="0" timestamp="2025-03-05T16:29:22 IST" skipped="0">
  <testcase classname="Test.GenerationOfOTP" name="testMailExample" time="66.932"/>
</testsuite> <!-- Test.GenerationOfOTP -->
