<?xml version="1.0" encoding="UTF-8"?>
<!-- Generated by org.testng.reporters.JUnitReportReporter -->
<testsuite hostname="Shubham" failures="0" tests="1" name="ShubhamkolheTrials.verifylogginginasTenant" time="38.868" errors="0" timestamp="2025-03-28T13:42:26 IST" skipped="0">
  <testcase classname="ShubhamkolheTrials.verifylogginginasTenant" name="checkTenantLogin" time="38.868"/>
</testsuite> <!-- ShubhamkolheTrials.verifylogginginasTenant -->
