<?xml version="1.0" encoding="UTF-8"?>
<!-- Generated by org.testng.reporters.JUnitReportReporter -->
<testsuite hostname="Shubham" failures="0" tests="1" name="iTouchCloudPlatformWebTesting.getOTP" time="48.852" errors="0" timestamp="2025-03-07T16:42:50 IST" skipped="0">
  <testcase classname="iTouchCloudPlatformWebTesting.getOTP" name="getOtpFromMailinator" time="48.852"/>
</testsuite> <!-- iTouchCloudPlatformWebTesting.getOTP -->
