<?xml version="1.0" encoding="UTF-8"?>
<!-- Generated by org.testng.reporters.JUnitReportReporter -->
<testsuite hostname="Shubham" failures="0" tests="1" name="Test.getOTP" time="63.727" errors="0" timestamp="2025-03-05T17:26:59 IST" skipped="0">
  <testcase classname="Test.getOTP" name="getOtpFromMailinator" time="63.727"/>
</testsuite> <!-- Test.getOTP -->
